<?xml version="1.0" encoding="UTF-8"?>
<!-- Generated by org.testng.reporters.JUnitReportReporter -->
<testsuite skipped="0" hostname="Shakti-VIAO" name="com.growsure.app.toVerifyHeaderContent" tests="1" failures="0" timestamp="01 Dec 2018 04:57:32 GMT" time="0.678" errors="0">
  <testcase name="toVerifyHeader" time="0.678" classname="com.growsure.app.toVerifyHeaderContent"/>
</testsuite> <!-- com.growsure.app.toVerifyHeaderContent -->
