<?xml version="1.0" encoding="UTF-8"?>
<!-- Generated by org.testng.reporters.JUnitReportReporter -->
<testsuite skipped="0" hostname="Shakti-VIAO" name="com.growsure.app.firstTest" tests="1" failures="0" timestamp="25 Nov 2018 05:44:55 GMT" time="0.015" errors="0">
  <testcase name="test1" time="0.015" classname="com.growsure.app.firstTest"/>
</testsuite> <!-- com.growsure.app.firstTest -->
